============================= test session starts ==============================
platform linux -- Python 3.12.13, pytest-9.1.1, pluggy-1.6.0
rootdir: /app
configfile: pyproject.toml
testpaths: tests
plugins: anyio-4.14.2
collected 10 items

tests/test_core.py ......                                                [ 60%]
tests/test_experiments.py ..                                             [ 80%]
tests/test_real_gil.py ..                                                [100%]

============================== 10 passed in 0.81s ==============================
